Performing C SOURCE FILE Test CMAKE_HAVE_LIBC_PTHREAD failed with the following output:
Change Dir: /home/cxl/slambook2/lidar_slam_basic/ch3/data_tran/src/bin2pcd/build/CMakeFiles/CMakeTmp

Run Build Command(s):/usr/bin/make -f Makefile cmTC_0ec1f/fast && /usr/bin/make  -f CMakeFiles/cmTC_0ec1f.dir/build.make CMakeFiles/cmTC_0ec1f.dir/build
make[1]: 进入目录“/home/cxl/slambook2/lidar_slam_basic/ch3/data_tran/src/bin2pcd/build/CMakeFiles/CMakeTmp”
Building C object CMakeFiles/cmTC_0ec1f.dir/src.c.o
/usr/bin/cc -DCMAKE_HAVE_LIBC_PTHREAD   -o CMakeFiles/cmTC_0ec1f.dir/src.c.o -c /home/cxl/slambook2/lidar_slam_basic/ch3/data_tran/src/bin2pcd/build/CMakeFiles/CMakeTmp/src.c
Linking C executable cmTC_0ec1f
/home/cxl/.local/lib/python3.6/site-packages/cmake/data/bin/cmake -E cmake_link_script CMakeFiles/cmTC_0ec1f.dir/link.txt --verbose=1
/usr/bin/cc CMakeFiles/cmTC_0ec1f.dir/src.c.o -o cmTC_0ec1f 
CMakeFiles/cmTC_0ec1f.dir/src.c.o：在函数‘main’中：
src.c:(.text+0x3e)：对‘pthread_create’未定义的引用
src.c:(.text+0x4a)：对‘pthread_detach’未定义的引用
src.c:(.text+0x56)：对‘pthread_cancel’未定义的引用
src.c:(.text+0x67)：对‘pthread_join’未定义的引用
src.c:(.text+0x7b)：对‘pthread_atfork’未定义的引用
collect2: error: ld returned 1 exit status
CMakeFiles/cmTC_0ec1f.dir/build.make:98: recipe for target 'cmTC_0ec1f' failed
make[1]: *** [cmTC_0ec1f] Error 1
make[1]: 离开目录“/home/cxl/slambook2/lidar_slam_basic/ch3/data_tran/src/bin2pcd/build/CMakeFiles/CMakeTmp”
Makefile:127: recipe for target 'cmTC_0ec1f/fast' failed
make: *** [cmTC_0ec1f/fast] Error 2


Source file was:
#include <pthread.h>

static void* test_func(void* data)
{
  return data;
}

int main(void)
{
  pthread_t thread;
  pthread_create(&thread, NULL, test_func, NULL);
  pthread_detach(thread);
  pthread_cancel(thread);
  pthread_join(thread, NULL);
  pthread_atfork(NULL, NULL, NULL);
  pthread_exit(NULL);

  return 0;
}

Determining if the function pthread_create exists in the pthreads failed with the following output:
Change Dir: /home/cxl/slambook2/lidar_slam_basic/ch3/data_tran/src/bin2pcd/build/CMakeFiles/CMakeTmp

Run Build Command(s):/usr/bin/make -f Makefile cmTC_740c9/fast && /usr/bin/make  -f CMakeFiles/cmTC_740c9.dir/build.make CMakeFiles/cmTC_740c9.dir/build
make[1]: 进入目录“/home/cxl/slambook2/lidar_slam_basic/ch3/data_tran/src/bin2pcd/build/CMakeFiles/CMakeTmp”
Building C object CMakeFiles/cmTC_740c9.dir/CheckFunctionExists.c.o
/usr/bin/cc   -DCHECK_FUNCTION_EXISTS=pthread_create -o CMakeFiles/cmTC_740c9.dir/CheckFunctionExists.c.o -c /home/cxl/.local/lib/python3.6/site-packages/cmake/data/share/cmake-3.22/Modules/CheckFunctionExists.c
Linking C executable cmTC_740c9
/home/cxl/.local/lib/python3.6/site-packages/cmake/data/bin/cmake -E cmake_link_script CMakeFiles/cmTC_740c9.dir/link.txt --verbose=1
/usr/bin/cc  -DCHECK_FUNCTION_EXISTS=pthread_create CMakeFiles/cmTC_740c9.dir/CheckFunctionExists.c.o -o cmTC_740c9  -lpthreads 
/usr/bin/ld: 找不到 -lpthreads
collect2: error: ld returned 1 exit status
CMakeFiles/cmTC_740c9.dir/build.make:98: recipe for target 'cmTC_740c9' failed
make[1]: *** [cmTC_740c9] Error 1
make[1]: 离开目录“/home/cxl/slambook2/lidar_slam_basic/ch3/data_tran/src/bin2pcd/build/CMakeFiles/CMakeTmp”
Makefile:127: recipe for target 'cmTC_740c9/fast' failed
make: *** [cmTC_740c9/fast] Error 2



